
> metaiq-backend@0.0.1 start:dev
> nest start --watch

[2J[3J[H[[90m10:57:21[0m] Starting compilation in watch mode...

[[90m10:57:25[0m] Found 0 errors. Watching for file changes.

[32m[Nest] 10140  - [39m20/04/2026, 10:57:27 [32m    LOG[39m [38;5;3m[NestFactory] [39m[32mStarting Nest application...[39m
[32m[Nest] 10140  - [39m20/04/2026, 10:57:27 [32m    LOG[39m [38;5;3m[InstanceLoader] [39m[32mTypeOrmModule dependencies initialized[39m[38;5;3m +13ms[39m
[32m[Nest] 10140  - [39m20/04/2026, 10:57:27 [32m    LOG[39m [38;5;3m[InstanceLoader] [39m[32mPassportModule dependencies initialized[39m[38;5;3m +1ms[39m
[32m[Nest] 10140  - [39m20/04/2026, 10:57:27 [32m    LOG[39m [38;5;3m[InstanceLoader] [39m[32mConfigHostModule dependencies initialized[39m[38;5;3m +1ms[39m
[32m[Nest] 10140  - [39m20/04/2026, 10:57:27 [32m    LOG[39m [38;5;3m[InstanceLoader] [39m[32mThrottlerModule dependencies initialized[39m[38;5;3m +0ms[39m
[32m[Nest] 10140  - [39m20/04/2026, 10:57:27 [32m    LOG[39m [38;5;3m[InstanceLoader] [39m[32mDiscoveryModule dependencies initialized[39m[38;5;3m +0ms[39m
[32m[Nest] 10140  - [39m20/04/2026, 10:57:27 [32m    LOG[39m [38;5;3m[InstanceLoader] [39m[32mConfigModule dependencies initialized[39m[38;5;3m +2ms[39m
[32m[Nest] 10140  - [39m20/04/2026, 10:57:27 [32m    LOG[39m [38;5;3m[InstanceLoader] [39m[32mConfigModule dependencies initialized[39m[38;5;3m +0ms[39m
[32m[Nest] 10140  - [39m20/04/2026, 10:57:27 [32m    LOG[39m [38;5;3m[InstanceLoader] [39m[32mScheduleModule dependencies initialized[39m[38;5;3m +0ms[39m
[32m[Nest] 10140  - [39m20/04/2026, 10:57:27 [32m    LOG[39m [38;5;3m[InstanceLoader] [39m[32mJwtModule dependencies initialized[39m[38;5;3m +53ms[39m
[32m[Nest] 10140  - [39m20/04/2026, 10:57:27 [32m    LOG[39m [38;5;3m[InstanceLoader] [39m[32mCampaignAiModule dependencies initialized[39m[38;5;3m +1ms[39m
query: SELECT version()
query: SELECT * FROM current_schema()
query: CREATE EXTENSION IF NOT EXISTS "uuid-ossp"
[32m[Nest] 10140  - [39m20/04/2026, 10:57:27 [32m    LOG[39m [38;5;3m[InstanceLoader] [39m[32mTypeOrmCoreModule dependencies initialized[39m[38;5;3m +156ms[39m
[32m[Nest] 10140  - [39m20/04/2026, 10:57:27 [32m    LOG[39m [38;5;3m[InstanceLoader] [39m[32mTypeOrmModule dependencies initialized[39m[38;5;3m +0ms[39m
[32m[Nest] 10140  - [39m20/04/2026, 10:57:27 [32m    LOG[39m [38;5;3m[InstanceLoader] [39m[32mTypeOrmModule dependencies initialized[39m[38;5;3m +0ms[39m
[32m[Nest] 10140  - [39m20/04/2026, 10:57:27 [32m    LOG[39m [38;5;3m[InstanceLoader] [39m[32mTypeOrmModule dependencies initialized[39m[38;5;3m +0ms[39m
[32m[Nest] 10140  - [39m20/04/2026, 10:57:27 [32m    LOG[39m [38;5;3m[InstanceLoader] [39m[32mTypeOrmModule dependencies initialized[39m[38;5;3m +0ms[39m
[32m[Nest] 10140  - [39m20/04/2026, 10:57:27 [32m    LOG[39m [38;5;3m[InstanceLoader] [39m[32mTypeOrmModule dependencies initialized[39m[38;5;3m +0ms[39m
[32m[Nest] 10140  - [39m20/04/2026, 10:57:27 [32m    LOG[39m [38;5;3m[InstanceLoader] [39m[32mTypeOrmModule dependencies initialized[39m[38;5;3m +1ms[39m
[32m[Nest] 10140  - [39m20/04/2026, 10:57:27 [32m    LOG[39m [38;5;3m[InstanceLoader] [39m[32mTypeOrmModule dependencies initialized[39m[38;5;3m +0ms[39m
[32m[Nest] 10140  - [39m20/04/2026, 10:57:27 [32m    LOG[39m [38;5;3m[InstanceLoader] [39m[32mTypeOrmModule dependencies initialized[39m[38;5;3m +0ms[39m
[32m[Nest] 10140  - [39m20/04/2026, 10:57:27 [32m    LOG[39m [38;5;3m[InstanceLoader] [39m[32mTypeOrmModule dependencies initialized[39m[38;5;3m +0ms[39m
[32m[Nest] 10140  - [39m20/04/2026, 10:57:27 [32m    LOG[39m [38;5;3m[InstanceLoader] [39m[32mTypeOrmModule dependencies initialized[39m[38;5;3m +0ms[39m
[32m[Nest] 10140  - [39m20/04/2026, 10:57:27 [32m    LOG[39m [38;5;3m[InstanceLoader] [39m[32mTypeOrmModule dependencies initialized[39m[38;5;3m +0ms[39m
[32m[Nest] 10140  - [39m20/04/2026, 10:57:27 [32m    LOG[39m [38;5;3m[InstanceLoader] [39m[32mCommonModule dependencies initialized[39m[38;5;3m +1ms[39m
[32m[Nest] 10140  - [39m20/04/2026, 10:57:27 [32m    LOG[39m [38;5;3m[InstanceLoader] [39m[32mAuthModule dependencies initialized[39m[38;5;3m +2ms[39m
[32m[Nest] 10140  - [39m20/04/2026, 10:57:27 [32m    LOG[39m [38;5;3m[InstanceLoader] [39m[32mManagersModule dependencies initialized[39m[38;5;3m +0ms[39m
[32m[Nest] 10140  - [39m20/04/2026, 10:57:27 [32m    LOG[39m [38;5;3m[InstanceLoader] [39m[32mUsersModule dependencies initialized[39m[38;5;3m +1ms[39m
[32m[Nest] 10140  - [39m20/04/2026, 10:57:27 [32m    LOG[39m [38;5;3m[InstanceLoader] [39m[32mStoresModule dependencies initialized[39m[38;5;3m +0ms[39m
[32m[Nest] 10140  - [39m20/04/2026, 10:57:27 [32m    LOG[39m [38;5;3m[InstanceLoader] [39m[32mAdAccountsModule dependencies initialized[39m[38;5;3m +1ms[39m
[32m[Nest] 10140  - [39m20/04/2026, 10:57:27 [32m    LOG[39m [38;5;3m[InstanceLoader] [39m[32mCampaignsModule dependencies initialized[39m[38;5;3m +0ms[39m
[32m[Nest] 10140  - [39m20/04/2026, 10:57:27 [32m    LOG[39m [38;5;3m[InstanceLoader] [39m[32mMetricsModule dependencies initialized[39m[38;5;3m +0ms[39m
[32m[Nest] 10140  - [39m20/04/2026, 10:57:27 [32m    LOG[39m [38;5;3m[InstanceLoader] [39m[32mDashboardModule dependencies initialized[39m[38;5;3m +0ms[39m
[32m[Nest] 10140  - [39m20/04/2026, 10:57:27 [32m    LOG[39m [38;5;3m[InstanceLoader] [39m[32mMetaIntegrationModule dependencies initialized[39m[38;5;3m +0ms[39m
[32m[Nest] 10140  - [39m20/04/2026, 10:57:27 [32m    LOG[39m [38;5;3m[InstanceLoader] [39m[32mInsightsModule dependencies initialized[39m[38;5;3m +0ms[39m
[32m[Nest] 10140  - [39m20/04/2026, 10:57:27 [32m    LOG[39m [38;5;3m[InstanceLoader] [39m[32mAppModule dependencies initialized[39m[38;5;3m +1ms[39m
[33m[Nest] 10140  - [39m20/04/2026, 10:57:27 [33m   WARN[39m [38;5;3m[LegacyRouteConverter] [39m[33mUnsupported route path: "/api/*". In previous versions, the symbols ?, *, and + were used to denote optional or repeating path parameters. The latest version of "path-to-regexp" now requires the use of named parameters. For example, instead of using a route like /users/* to capture all routes starting with "/users", you should use /users/*path. For more details, refer to the migration guide. Attempting to auto-convert...[39m
[32m[Nest] 10140  - [39m20/04/2026, 10:57:27 [32m    LOG[39m [38;5;3m[RoutesResolver] [39m[32mAppController {/api}:[39m[38;5;3m +1ms[39m
[32m[Nest] 10140  - [39m20/04/2026, 10:57:27 [32m    LOG[39m [38;5;3m[RouterExplorer] [39m[32mMapped {/api/health, GET} route[39m[38;5;3m +1ms[39m
[32m[Nest] 10140  - [39m20/04/2026, 10:57:27 [32m    LOG[39m [38;5;3m[RouterExplorer] [39m[32mMapped {/api/api, GET} route[39m[38;5;3m +1ms[39m
[32m[Nest] 10140  - [39m20/04/2026, 10:57:27 [32m    LOG[39m [38;5;3m[RouterExplorer] [39m[32mMapped {/api/protected, GET} route[39m[38;5;3m +0ms[39m
[32m[Nest] 10140  - [39m20/04/2026, 10:57:27 [32m    LOG[39m [38;5;3m[RoutesResolver] [39m[32mAuthController {/api/auth}:[39m[38;5;3m +0ms[39m
[32m[Nest] 10140  - [39m20/04/2026, 10:57:27 [32m    LOG[39m [38;5;3m[RouterExplorer] [39m[32mMapped {/api/auth/login, POST} route[39m[38;5;3m +1ms[39m
[32m[Nest] 10140  - [39m20/04/2026, 10:57:27 [32m    LOG[39m [38;5;3m[RouterExplorer] [39m[32mMapped {/api/auth/refresh, POST} route[39m[38;5;3m +0ms[39m
[32m[Nest] 10140  - [39m20/04/2026, 10:57:27 [32m    LOG[39m [38;5;3m[RouterExplorer] [39m[32mMapped {/api/auth/register, POST} route[39m[38;5;3m +0ms[39m
[32m[Nest] 10140  - [39m20/04/2026, 10:57:27 [32m    LOG[39m [38;5;3m[RoutesResolver] [39m[32mUsersController {/api/users}:[39m[38;5;3m +0ms[39m
[32m[Nest] 10140  - [39m20/04/2026, 10:57:27 [32m    LOG[39m [38;5;3m[RouterExplorer] [39m[32mMapped {/api/users/me, GET} route[39m[38;5;3m +1ms[39m
[32m[Nest] 10140  - [39m20/04/2026, 10:57:27 [32m    LOG[39m [38;5;3m[RouterExplorer] [39m[32mMapped {/api/users/me, PATCH} route[39m[38;5;3m +0ms[39m
[32m[Nest] 10140  - [39m20/04/2026, 10:57:27 [32m    LOG[39m [38;5;3m[RouterExplorer] [39m[32mMapped {/api/users/me, DELETE} route[39m[38;5;3m +0ms[39m
[32m[Nest] 10140  - [39m20/04/2026, 10:57:27 [32m    LOG[39m [38;5;3m[RouterExplorer] [39m[32mMapped {/api/users/:id, GET} route[39m[38;5;3m +1ms[39m
[32m[Nest] 10140  - [39m20/04/2026, 10:57:27 [32m    LOG[39m [38;5;3m[RouterExplorer] [39m[32mMapped {/api/users/:id, PATCH} route[39m[38;5;3m +0ms[39m
[32m[Nest] 10140  - [39m20/04/2026, 10:57:27 [32m    LOG[39m [38;5;3m[RouterExplorer] [39m[32mMapped {/api/users/:id/password, PATCH} route[39m[38;5;3m +0ms[39m
[32m[Nest] 10140  - [39m20/04/2026, 10:57:27 [32m    LOG[39m [38;5;3m[RouterExplorer] [39m[32mMapped {/api/users, POST} route[39m[38;5;3m +0ms[39m
[32m[Nest] 10140  - [39m20/04/2026, 10:57:27 [32m    LOG[39m [38;5;3m[RouterExplorer] [39m[32mMapped {/api/users, GET} route[39m[38;5;3m +1ms[39m
[32m[Nest] 10140  - [39m20/04/2026, 10:57:27 [32m    LOG[39m [38;5;3m[RouterExplorer] [39m[32mMapped {/api/users/:id, DELETE} route[39m[38;5;3m +0ms[39m
[32m[Nest] 10140  - [39m20/04/2026, 10:57:27 [32m    LOG[39m [38;5;3m[RoutesResolver] [39m[32mManagersController {/api/managers}:[39m[38;5;3m +0ms[39m
[32m[Nest] 10140  - [39m20/04/2026, 10:57:27 [32m    LOG[39m [38;5;3m[RouterExplorer] [39m[32mMapped {/api/managers, POST} route[39m[38;5;3m +0ms[39m
[32m[Nest] 10140  - [39m20/04/2026, 10:57:27 [32m    LOG[39m [38;5;3m[RouterExplorer] [39m[32mMapped {/api/managers, GET} route[39m[38;5;3m +0ms[39m
[32m[Nest] 10140  - [39m20/04/2026, 10:57:27 [32m    LOG[39m [38;5;3m[RouterExplorer] [39m[32mMapped {/api/managers/:id, GET} route[39m[38;5;3m +1ms[39m
[32m[Nest] 10140  - [39m20/04/2026, 10:57:27 [32m    LOG[39m [38;5;3m[RouterExplorer] [39m[32mMapped {/api/managers/:id, PATCH} route[39m[38;5;3m +0ms[39m
[32m[Nest] 10140  - [39m20/04/2026, 10:57:27 [32m    LOG[39m [38;5;3m[RouterExplorer] [39m[32mMapped {/api/managers/:id/toggle-active, PATCH} route[39m[38;5;3m +0ms[39m
[32m[Nest] 10140  - [39m20/04/2026, 10:57:27 [32m    LOG[39m [38;5;3m[RouterExplorer] [39m[32mMapped {/api/managers/:id, DELETE} route[39m[38;5;3m +0ms[39m
[32m[Nest] 10140  - [39m20/04/2026, 10:57:27 [32m    LOG[39m [38;5;3m[RoutesResolver] [39m[32mStoresController {/api/stores}:[39m[38;5;3m +0ms[39m
[32m[Nest] 10140  - [39m20/04/2026, 10:57:27 [32m    LOG[39m [38;5;3m[RouterExplorer] [39m[32mMapped {/api/stores, POST} route[39m[38;5;3m +1ms[39m
[32m[Nest] 10140  - [39m20/04/2026, 10:57:27 [32m    LOG[39m [38;5;3m[RouterExplorer] [39m[32mMapped {/api/stores, GET} route[39m[38;5;3m +0ms[39m
[32m[Nest] 10140  - [39m20/04/2026, 10:57:27 [32m    LOG[39m [38;5;3m[RouterExplorer] [39m[32mMapped {/api/stores/accessible, GET} route[39m[38;5;3m +0ms[39m
[32m[Nest] 10140  - [39m20/04/2026, 10:57:27 [32m    LOG[39m [38;5;3m[RouterExplorer] [39m[32mMapped {/api/stores/:storeId/users, GET} route[39m[38;5;3m +1ms[39m
[32m[Nest] 10140  - [39m20/04/2026, 10:57:27 [32m    LOG[39m [38;5;3m[RouterExplorer] [39m[32mMapped {/api/stores/:storeId/users/:userId, POST} route[39m[38;5;3m +0ms[39m
[32m[Nest] 10140  - [39m20/04/2026, 10:57:27 [32m    LOG[39m [38;5;3m[RouterExplorer] [39m[32mMapped {/api/stores/:storeId/users/:userId, DELETE} route[39m[38;5;3m +0ms[39m
[32m[Nest] 10140  - [39m20/04/2026, 10:57:27 [32m    LOG[39m [38;5;3m[RouterExplorer] [39m[32mMapped {/api/stores/:id, GET} route[39m[38;5;3m +0ms[39m
[32m[Nest] 10140  - [39m20/04/2026, 10:57:27 [32m    LOG[39m [38;5;3m[RouterExplorer] [39m[32mMapped {/api/stores/:id, PATCH} route[39m[38;5;3m +1ms[39m
[32m[Nest] 10140  - [39m20/04/2026, 10:57:27 [32m    LOG[39m [38;5;3m[RouterExplorer] [39m[32mMapped {/api/stores/:id/toggle-active, PATCH} route[39m[38;5;3m +0ms[39m
[32m[Nest] 10140  - [39m20/04/2026, 10:57:27 [32m    LOG[39m [38;5;3m[RouterExplorer] [39m[32mMapped {/api/stores/:id, DELETE} route[39m[38;5;3m +0ms[39m
[32m[Nest] 10140  - [39m20/04/2026, 10:57:27 [32m    LOG[39m [38;5;3m[RoutesResolver] [39m[32mAdAccountsController {/api/ad-accounts}:[39m[38;5;3m +0ms[39m
[32m[Nest] 10140  - [39m20/04/2026, 10:57:27 [32m    LOG[39m [38;5;3m[RouterExplorer] [39m[32mMapped {/api/ad-accounts, GET} route[39m[38;5;3m +1ms[39m
[32m[Nest] 10140  - [39m20/04/2026, 10:57:27 [32m    LOG[39m [38;5;3m[RouterExplorer] [39m[32mMapped {/api/ad-accounts/:id, GET} route[39m[38;5;3m +0ms[39m
[32m[Nest] 10140  - [39m20/04/2026, 10:57:27 [32m    LOG[39m [38;5;3m[RouterExplorer] [39m[32mMapped {/api/ad-accounts, POST} route[39m[38;5;3m +0ms[39m
[32m[Nest] 10140  - [39m20/04/2026, 10:57:27 [32m    LOG[39m [38;5;3m[RouterExplorer] [39m[32mMapped {/api/ad-accounts/:id, PATCH} route[39m[38;5;3m +1ms[39m
[32m[Nest] 10140  - [39m20/04/2026, 10:57:27 [32m    LOG[39m [38;5;3m[RouterExplorer] [39m[32mMapped {/api/ad-accounts/:id, DELETE} route[39m[38;5;3m +0ms[39m
[32m[Nest] 10140  - [39m20/04/2026, 10:57:27 [32m    LOG[39m [38;5;3m[RoutesResolver] [39m[32mCampaignsController {/api/campaigns}:[39m[38;5;3m +0ms[39m
[32m[Nest] 10140  - [39m20/04/2026, 10:57:27 [32m    LOG[39m [38;5;3m[RouterExplorer] [39m[32mMapped {/api/campaigns, GET} route[39m[38;5;3m +0ms[39m
[32m[Nest] 10140  - [39m20/04/2026, 10:57:27 [32m    LOG[39m [38;5;3m[RouterExplorer] [39m[32mMapped {/api/campaigns/:id, GET} route[39m[38;5;3m +1ms[39m
[32m[Nest] 10140  - [39m20/04/2026, 10:57:27 [32m    LOG[39m [38;5;3m[RouterExplorer] [39m[32mMapped {/api/campaigns, POST} route[39m[38;5;3m +0ms[39m
[32m[Nest] 10140  - [39m20/04/2026, 10:57:27 [32m    LOG[39m [38;5;3m[RouterExplorer] [39m[32mMapped {/api/campaigns/:id, PATCH} route[39m[38;5;3m +0ms[39m
[32m[Nest] 10140  - [39m20/04/2026, 10:57:27 [32m    LOG[39m [38;5;3m[RoutesResolver] [39m[32mCampaignAiController {/api/campaign-ai}:[39m[38;5;3m +0ms[39m
[32m[Nest] 10140  - [39m20/04/2026, 10:57:27 [32m    LOG[39m [38;5;3m[RouterExplorer] [39m[32mMapped {/api/campaign-ai/suggest, POST} route[39m[38;5;3m +0ms[39m
[32m[Nest] 10140  - [39m20/04/2026, 10:57:27 [32m    LOG[39m [38;5;3m[RoutesResolver] [39m[32mMetricsController {/api/metrics}:[39m[38;5;3m +0ms[39m
[32m[Nest] 10140  - [39m20/04/2026, 10:57:27 [32m    LOG[39m [38;5;3m[RouterExplorer] [39m[32mMapped {/api/metrics, GET} route[39m[38;5;3m +1ms[39m
[32m[Nest] 10140  - [39m20/04/2026, 10:57:27 [32m    LOG[39m [38;5;3m[RouterExplorer] [39m[32mMapped {/api/metrics/summary, GET} route[39m[38;5;3m +0ms[39m
[32m[Nest] 10140  - [39m20/04/2026, 10:57:27 [32m    LOG[39m [38;5;3m[RouterExplorer] [39m[32mMapped {/api/metrics/campaigns/:campaignId, GET} route[39m[38;5;3m +0ms[39m
[32m[Nest] 10140  - [39m20/04/2026, 10:57:27 [32m    LOG[39m [38;5;3m[RouterExplorer] [39m[32mMapped {/api/metrics/campaigns/:campaignId/aggregate, GET} route[39m[38;5;3m +0ms[39m
[32m[Nest] 10140  - [39m20/04/2026, 10:57:27 [32m    LOG[39m [38;5;3m[RoutesResolver] [39m[32mInsightsController {/api/insights}:[39m[38;5;3m +0ms[39m
[32m[Nest] 10140  - [39m20/04/2026, 10:57:27 [32m    LOG[39m [38;5;3m[RouterExplorer] [39m[32mMapped {/api/insights, GET} route[39m[38;5;3m +1ms[39m
[32m[Nest] 10140  - [39m20/04/2026, 10:57:27 [32m    LOG[39m [38;5;3m[RouterExplorer] [39m[32mMapped {/api/insights/:id, GET} route[39m[38;5;3m +0ms[39m
[32m[Nest] 10140  - [39m20/04/2026, 10:57:27 [32m    LOG[39m [38;5;3m[RouterExplorer] [39m[32mMapped {/api/insights/:id/resolve, PATCH} route[39m[38;5;3m +0ms[39m
[32m[Nest] 10140  - [39m20/04/2026, 10:57:27 [32m    LOG[39m [38;5;3m[RoutesResolver] [39m[32mDashboardController {/api/dashboard}:[39m[38;5;3m +0ms[39m
[32m[Nest] 10140  - [39m20/04/2026, 10:57:27 [32m    LOG[39m [38;5;3m[RouterExplorer] [39m[32mMapped {/api/dashboard/summary, GET} route[39m[38;5;3m +0ms[39m
[32m[Nest] 10140  - [39m20/04/2026, 10:57:27 [32m    LOG[39m [38;5;3m[RoutesResolver] [39m[32mMetaIntegrationController {/api/integrations/meta/stores/:storeId}:[39m[38;5;3m +0ms[39m
[32m[Nest] 10140  - [39m20/04/2026, 10:57:27 [32m    LOG[39m [38;5;3m[RouterExplorer] [39m[32mMapped {/api/integrations/meta/stores/:storeId/status, GET} route[39m[38;5;3m +1ms[39m
[32m[Nest] 10140  - [39m20/04/2026, 10:57:27 [32m    LOG[39m [38;5;3m[RouterExplorer] [39m[32mMapped {/api/integrations/meta/stores/:storeId/oauth/start, GET} route[39m[38;5;3m +0ms[39m
[32m[Nest] 10140  - [39m20/04/2026, 10:57:27 [32m    LOG[39m [38;5;3m[RouterExplorer] [39m[32mMapped {/api/integrations/meta/stores/:storeId/sync-plan, GET} route[39m[38;5;3m +0ms[39m
[32m[Nest] 10140  - [39m20/04/2026, 10:57:27 [32m    LOG[39m [38;5;3m[RouterExplorer] [39m[32mMapped {/api/integrations/meta/stores/:storeId/pages, GET} route[39m[38;5;3m +0ms[39m
[32m[Nest] 10140  - [39m20/04/2026, 10:57:27 [32m    LOG[39m [38;5;3m[RouterExplorer] [39m[32mMapped {/api/integrations/meta/stores/:storeId/page, PATCH} route[39m[38;5;3m +1ms[39m
[32m[Nest] 10140  - [39m20/04/2026, 10:57:27 [32m    LOG[39m [38;5;3m[RouterExplorer] [39m[32mMapped {/api/integrations/meta/stores/:storeId/ad-accounts, GET} route[39m[38;5;3m +0ms[39m
[32m[Nest] 10140  - [39m20/04/2026, 10:57:27 [32m    LOG[39m [38;5;3m[RouterExplorer] [39m[32mMapped {/api/integrations/meta/stores/:storeId/ad-accounts/sync, POST} route[39m[38;5;3m +0ms[39m
[32m[Nest] 10140  - [39m20/04/2026, 10:57:27 [32m    LOG[39m [38;5;3m[RouterExplorer] [39m[32mMapped {/api/integrations/meta/stores/:storeId/ad-accounts/:adAccountId/campaigns, GET} route[39m[38;5;3m +0ms[39m
[32m[Nest] 10140  - [39m20/04/2026, 10:57:27 [32m    LOG[39m [38;5;3m[RouterExplorer] [39m[32mMapped {/api/integrations/meta/stores/:storeId/ad-accounts/:adAccountId/campaigns/sync, POST} route[39m[38;5;3m +1ms[39m
[32m[Nest] 10140  - [39m20/04/2026, 10:57:27 [32m    LOG[39m [38;5;3m[RouterExplorer] [39m[32mMapped {/api/integrations/meta/stores/:storeId/campaigns, POST} route[39m[38;5;3m +0ms[39m
[32m[Nest] 10140  - [39m20/04/2026, 10:57:27 [32m    LOG[39m [38;5;3m[RouterExplorer] [39m[32mMapped {/api/integrations/meta/stores/:storeId/connect, POST} route[39m[38;5;3m +0ms[39m
[32m[Nest] 10140  - [39m20/04/2026, 10:57:27 [32m    LOG[39m [38;5;3m[RouterExplorer] [39m[32mMapped {/api/integrations/meta/stores/:storeId/status, PATCH} route[39m[38;5;3m +0ms[39m
[32m[Nest] 10140  - [39m20/04/2026, 10:57:27 [32m    LOG[39m [38;5;3m[RouterExplorer] [39m[32mMapped {/api/integrations/meta/stores/:storeId, DELETE} route[39m[38;5;3m +1ms[39m
[32m[Nest] 10140  - [39m20/04/2026, 10:57:27 [32m    LOG[39m [38;5;3m[RoutesResolver] [39m[32mMetaOAuthCallbackController {/api/integrations/meta/oauth}:[39m[38;5;3m +0ms[39m
[32m[Nest] 10140  - [39m20/04/2026, 10:57:27 [32m    LOG[39m [38;5;3m[RouterExplorer] [39m[32mMapped {/api/integrations/meta/oauth/callback, GET} route[39m[38;5;3m +0ms[39m
[32m[Nest] 10140  - [39m20/04/2026, 10:57:27 [32m    LOG[39m [38;5;3m[RoutesResolver] [39m[32mMetaCampaignCreationAuditController {/api/internal/meta/campaign-creations}:[39m[38;5;3m +0ms[39m
[32m[Nest] 10140  - [39m20/04/2026, 10:57:27 [32m    LOG[39m [38;5;3m[RouterExplorer] [39m[32mMapped {/api/internal/meta/campaign-creations, GET} route[39m[38;5;3m +0ms[39m
[32m[Nest] 10140  - [39m20/04/2026, 10:57:27 [32m    LOG[39m [38;5;3m[NestApplication] [39m[32mNest application successfully started[39m[38;5;3m +15ms[39m

╔════════════════════════════════════════════╗
║      🚀 MetaIQ Backend Server             ║
╠════════════════════════════════════════════╣
║                                            ║
║  🌐 URL: http://localhost:3004           ║
║  📊 API: http://localhost:3004/api       ║
║  🏥 Health: http://localhost:3004/health ║
║                                            ║
╚════════════════════════════════════════════╝
  
query: SELECT "User"."id" AS "User_id", "User"."email" AS "User_email", "User"."name" AS "User_name", "User"."password" AS "User_password", "User"."role" AS "User_role", "User"."managerId" AS "User_managerId", "User"."tenantId" AS "User_tenantId", "User"."refreshToken" AS "User_refreshToken", "User"."active" AS "User_active", "User"."deletedAt" AS "User_deletedAt", "User"."createdAt" AS "User_createdAt", "User"."updatedAt" AS "User_updatedAt" FROM "users" "User" WHERE (("User"."email" = $1) AND ("User"."deletedAt" IS NULL)) LIMIT 1 -- PARAMETERS: ["demo@metaiq.dev"]
query: UPDATE "users" SET "refreshToken" = $1, "updatedAt" = CURRENT_TIMESTAMP WHERE "id" IN ($2) -- PARAMETERS: ["018eaa024ce50172332e1e252eaaa841fce03230c1c9e5fab41034e3700e560e","4da6ebab-584e-4f63-8470-28b4f930b1e2"]
query: SELECT "User"."id" AS "User_id", "User"."email" AS "User_email", "User"."name" AS "User_name", "User"."password" AS "User_password", "User"."role" AS "User_role", "User"."managerId" AS "User_managerId", "User"."tenantId" AS "User_tenantId", "User"."refreshToken" AS "User_refreshToken", "User"."active" AS "User_active", "User"."deletedAt" AS "User_deletedAt", "User"."createdAt" AS "User_createdAt", "User"."updatedAt" AS "User_updatedAt" FROM "users" "User" WHERE (("User"."email" = $1) AND ("User"."deletedAt" IS NULL)) LIMIT 1 -- PARAMETERS: ["demo@metaiq.dev"]
query: UPDATE "users" SET "refreshToken" = $1, "updatedAt" = CURRENT_TIMESTAMP WHERE "id" IN ($2) -- PARAMETERS: ["84e53c5df743be21721fc7069bb6c25fa3221cf0d8361f8b093ef8b0eaf1613f","4da6ebab-584e-4f63-8470-28b4f930b1e2"]
query: SELECT "User"."id" AS "User_id", "User"."email" AS "User_email", "User"."name" AS "User_name", "User"."password" AS "User_password", "User"."role" AS "User_role", "User"."managerId" AS "User_managerId", "User"."tenantId" AS "User_tenantId", "User"."refreshToken" AS "User_refreshToken", "User"."active" AS "User_active", "User"."deletedAt" AS "User_deletedAt", "User"."createdAt" AS "User_createdAt", "User"."updatedAt" AS "User_updatedAt" FROM "users" "User" WHERE (("User"."id" = $1)) LIMIT 1 -- PARAMETERS: ["4da6ebab-584e-4f63-8470-28b4f930b1e2"]
query: SELECT "User"."id" AS "User_id", "User"."email" AS "User_email", "User"."name" AS "User_name", "User"."password" AS "User_password", "User"."role" AS "User_role", "User"."managerId" AS "User_managerId", "User"."tenantId" AS "User_tenantId", "User"."refreshToken" AS "User_refreshToken", "User"."active" AS "User_active", "User"."deletedAt" AS "User_deletedAt", "User"."createdAt" AS "User_createdAt", "User"."updatedAt" AS "User_updatedAt" FROM "users" "User" WHERE (("User"."email" = $1) AND ("User"."deletedAt" IS NULL)) LIMIT 1 -- PARAMETERS: ["demo@metaiq.dev"]
query: UPDATE "users" SET "refreshToken" = $1, "updatedAt" = CURRENT_TIMESTAMP WHERE "id" IN ($2) -- PARAMETERS: ["fe95a6e501070aa9333fedb00c4786633f68e78460d7c6873e4d15921b8c5ecf","4da6ebab-584e-4f63-8470-28b4f930b1e2"]
query: SELECT "User"."id" AS "User_id", "User"."email" AS "User_email", "User"."name" AS "User_name", "User"."password" AS "User_password", "User"."role" AS "User_role", "User"."managerId" AS "User_managerId", "User"."tenantId" AS "User_tenantId", "User"."refreshToken" AS "User_refreshToken", "User"."active" AS "User_active", "User"."deletedAt" AS "User_deletedAt", "User"."createdAt" AS "User_createdAt", "User"."updatedAt" AS "User_updatedAt" FROM "users" "User" WHERE (("User"."id" = $1)) LIMIT 1 -- PARAMETERS: ["4da6ebab-584e-4f63-8470-28b4f930b1e2"]
Deseja finalizar o arquivo em lotes (S/N)? 
