
> metaiq-backend@0.0.1 start
> nest start

[32m[Nest] 1456  - [39m16/04/2026, 09:00:27 [32m    LOG[39m [38;5;3m[NestFactory] [39m[32mStarting Nest application...[39m
[32m[Nest] 1456  - [39m16/04/2026, 09:00:27 [32m    LOG[39m [38;5;3m[InstanceLoader] [39m[32mTypeOrmModule dependencies initialized[39m[38;5;3m +15ms[39m
[32m[Nest] 1456  - [39m16/04/2026, 09:00:27 [32m    LOG[39m [38;5;3m[InstanceLoader] [39m[32mPassportModule dependencies initialized[39m[38;5;3m +1ms[39m
[32m[Nest] 1456  - [39m16/04/2026, 09:00:27 [32m    LOG[39m [38;5;3m[InstanceLoader] [39m[32mConfigHostModule dependencies initialized[39m[38;5;3m +2ms[39m
[32m[Nest] 1456  - [39m16/04/2026, 09:00:27 [32m    LOG[39m [38;5;3m[InstanceLoader] [39m[32mThrottlerModule dependencies initialized[39m[38;5;3m +1ms[39m
[32m[Nest] 1456  - [39m16/04/2026, 09:00:27 [32m    LOG[39m [38;5;3m[InstanceLoader] [39m[32mDiscoveryModule dependencies initialized[39m[38;5;3m +0ms[39m
[32m[Nest] 1456  - [39m16/04/2026, 09:00:27 [32m    LOG[39m [38;5;3m[InstanceLoader] [39m[32mConfigModule dependencies initialized[39m[38;5;3m +1ms[39m
[32m[Nest] 1456  - [39m16/04/2026, 09:00:27 [32m    LOG[39m [38;5;3m[InstanceLoader] [39m[32mConfigModule dependencies initialized[39m[38;5;3m +1ms[39m
[32m[Nest] 1456  - [39m16/04/2026, 09:00:27 [32m    LOG[39m [38;5;3m[InstanceLoader] [39m[32mScheduleModule dependencies initialized[39m[38;5;3m +0ms[39m
[32m[Nest] 1456  - [39m16/04/2026, 09:00:27 [32m    LOG[39m [38;5;3m[InstanceLoader] [39m[32mJwtModule dependencies initialized[39m[38;5;3m +62ms[39m
query: SELECT version()
query: SELECT * FROM current_schema()
query: CREATE EXTENSION IF NOT EXISTS "uuid-ossp"
[32m[Nest] 1456  - [39m16/04/2026, 09:00:27 [32m    LOG[39m [38;5;3m[InstanceLoader] [39m[32mTypeOrmCoreModule dependencies initialized[39m[38;5;3m +150ms[39m
[32m[Nest] 1456  - [39m16/04/2026, 09:00:27 [32m    LOG[39m [38;5;3m[InstanceLoader] [39m[32mTypeOrmModule dependencies initialized[39m[38;5;3m +0ms[39m
[32m[Nest] 1456  - [39m16/04/2026, 09:00:27 [32m    LOG[39m [38;5;3m[InstanceLoader] [39m[32mTypeOrmModule dependencies initialized[39m[38;5;3m +0ms[39m
[32m[Nest] 1456  - [39m16/04/2026, 09:00:27 [32m    LOG[39m [38;5;3m[InstanceLoader] [39m[32mTypeOrmModule dependencies initialized[39m[38;5;3m +1ms[39m
[32m[Nest] 1456  - [39m16/04/2026, 09:00:27 [32m    LOG[39m [38;5;3m[InstanceLoader] [39m[32mTypeOrmModule dependencies initialized[39m[38;5;3m +0ms[39m
[32m[Nest] 1456  - [39m16/04/2026, 09:00:27 [32m    LOG[39m [38;5;3m[InstanceLoader] [39m[32mTypeOrmModule dependencies initialized[39m[38;5;3m +0ms[39m
[32m[Nest] 1456  - [39m16/04/2026, 09:00:27 [32m    LOG[39m [38;5;3m[InstanceLoader] [39m[32mTypeOrmModule dependencies initialized[39m[38;5;3m +0ms[39m
[32m[Nest] 1456  - [39m16/04/2026, 09:00:27 [32m    LOG[39m [38;5;3m[InstanceLoader] [39m[32mTypeOrmModule dependencies initialized[39m[38;5;3m +1ms[39m
[32m[Nest] 1456  - [39m16/04/2026, 09:00:27 [32m    LOG[39m [38;5;3m[InstanceLoader] [39m[32mTypeOrmModule dependencies initialized[39m[38;5;3m +0ms[39m
[32m[Nest] 1456  - [39m16/04/2026, 09:00:27 [32m    LOG[39m [38;5;3m[InstanceLoader] [39m[32mTypeOrmModule dependencies initialized[39m[38;5;3m +0ms[39m
[32m[Nest] 1456  - [39m16/04/2026, 09:00:27 [32m    LOG[39m [38;5;3m[InstanceLoader] [39m[32mTypeOrmModule dependencies initialized[39m[38;5;3m +0ms[39m
[32m[Nest] 1456  - [39m16/04/2026, 09:00:27 [32m    LOG[39m [38;5;3m[InstanceLoader] [39m[32mTypeOrmModule dependencies initialized[39m[38;5;3m +0ms[39m
[32m[Nest] 1456  - [39m16/04/2026, 09:00:27 [32m    LOG[39m [38;5;3m[InstanceLoader] [39m[32mCommonModule dependencies initialized[39m[38;5;3m +2ms[39m
[32m[Nest] 1456  - [39m16/04/2026, 09:00:27 [32m    LOG[39m [38;5;3m[InstanceLoader] [39m[32mAuthModule dependencies initialized[39m[38;5;3m +2ms[39m
[32m[Nest] 1456  - [39m16/04/2026, 09:00:27 [32m    LOG[39m [38;5;3m[InstanceLoader] [39m[32mManagersModule dependencies initialized[39m[38;5;3m +0ms[39m
[32m[Nest] 1456  - [39m16/04/2026, 09:00:27 [32m    LOG[39m [38;5;3m[InstanceLoader] [39m[32mUsersModule dependencies initialized[39m[38;5;3m +1ms[39m
[32m[Nest] 1456  - [39m16/04/2026, 09:00:27 [32m    LOG[39m [38;5;3m[InstanceLoader] [39m[32mStoresModule dependencies initialized[39m[38;5;3m +0ms[39m
[32m[Nest] 1456  - [39m16/04/2026, 09:00:27 [32m    LOG[39m [38;5;3m[InstanceLoader] [39m[32mAdAccountsModule dependencies initialized[39m[38;5;3m +0ms[39m
[32m[Nest] 1456  - [39m16/04/2026, 09:00:27 [32m    LOG[39m [38;5;3m[InstanceLoader] [39m[32mCampaignsModule dependencies initialized[39m[38;5;3m +0ms[39m
[32m[Nest] 1456  - [39m16/04/2026, 09:00:27 [32m    LOG[39m [38;5;3m[InstanceLoader] [39m[32mMetricsModule dependencies initialized[39m[38;5;3m +0ms[39m
[32m[Nest] 1456  - [39m16/04/2026, 09:00:27 [32m    LOG[39m [38;5;3m[InstanceLoader] [39m[32mDashboardModule dependencies initialized[39m[38;5;3m +0ms[39m
[32m[Nest] 1456  - [39m16/04/2026, 09:00:27 [32m    LOG[39m [38;5;3m[InstanceLoader] [39m[32mMetaIntegrationModule dependencies initialized[39m[38;5;3m +1ms[39m
[32m[Nest] 1456  - [39m16/04/2026, 09:00:27 [32m    LOG[39m [38;5;3m[InstanceLoader] [39m[32mInsightsModule dependencies initialized[39m[38;5;3m +0ms[39m
[32m[Nest] 1456  - [39m16/04/2026, 09:00:27 [32m    LOG[39m [38;5;3m[InstanceLoader] [39m[32mAppModule dependencies initialized[39m[38;5;3m +0ms[39m
[32m[Nest] 1456  - [39m16/04/2026, 09:00:27 [32m    LOG[39m [38;5;3m[RoutesResolver] [39m[32mAppController {/api}:[39m[38;5;3m +4ms[39m
[32m[Nest] 1456  - [39m16/04/2026, 09:00:27 [32m    LOG[39m [38;5;3m[RouterExplorer] [39m[32mMapped {/api/health, GET} route[39m[38;5;3m +2ms[39m
[32m[Nest] 1456  - [39m16/04/2026, 09:00:27 [32m    LOG[39m [38;5;3m[RouterExplorer] [39m[32mMapped {/api/api, GET} route[39m[38;5;3m +0ms[39m
[32m[Nest] 1456  - [39m16/04/2026, 09:00:27 [32m    LOG[39m [38;5;3m[RouterExplorer] [39m[32mMapped {/api/protected, GET} route[39m[38;5;3m +1ms[39m
[32m[Nest] 1456  - [39m16/04/2026, 09:00:27 [32m    LOG[39m [38;5;3m[RoutesResolver] [39m[32mAuthController {/api/auth}:[39m[38;5;3m +0ms[39m
[32m[Nest] 1456  - [39m16/04/2026, 09:00:27 [32m    LOG[39m [38;5;3m[RouterExplorer] [39m[32mMapped {/api/auth/login, POST} route[39m[38;5;3m +0ms[39m
[32m[Nest] 1456  - [39m16/04/2026, 09:00:27 [32m    LOG[39m [38;5;3m[RouterExplorer] [39m[32mMapped {/api/auth/refresh, POST} route[39m[38;5;3m +1ms[39m
[32m[Nest] 1456  - [39m16/04/2026, 09:00:27 [32m    LOG[39m [38;5;3m[RouterExplorer] [39m[32mMapped {/api/auth/register, POST} route[39m[38;5;3m +0ms[39m
[32m[Nest] 1456  - [39m16/04/2026, 09:00:27 [32m    LOG[39m [38;5;3m[RoutesResolver] [39m[32mUsersController {/api/users}:[39m[38;5;3m +0ms[39m
[32m[Nest] 1456  - [39m16/04/2026, 09:00:27 [32m    LOG[39m [38;5;3m[RouterExplorer] [39m[32mMapped {/api/users/me, GET} route[39m[38;5;3m +0ms[39m
[32m[Nest] 1456  - [39m16/04/2026, 09:00:27 [32m    LOG[39m [38;5;3m[RouterExplorer] [39m[32mMapped {/api/users/me, PATCH} route[39m[38;5;3m +1ms[39m
[32m[Nest] 1456  - [39m16/04/2026, 09:00:27 [32m    LOG[39m [38;5;3m[RouterExplorer] [39m[32mMapped {/api/users/me, DELETE} route[39m[38;5;3m +0ms[39m
[32m[Nest] 1456  - [39m16/04/2026, 09:00:27 [32m    LOG[39m [38;5;3m[RouterExplorer] [39m[32mMapped {/api/users/:id, GET} route[39m[38;5;3m +0ms[39m
[32m[Nest] 1456  - [39m16/04/2026, 09:00:27 [32m    LOG[39m [38;5;3m[RouterExplorer] [39m[32mMapped {/api/users/:id, PATCH} route[39m[38;5;3m +1ms[39m
[32m[Nest] 1456  - [39m16/04/2026, 09:00:27 [32m    LOG[39m [38;5;3m[RouterExplorer] [39m[32mMapped {/api/users/:id/password, PATCH} route[39m[38;5;3m +0ms[39m
[32m[Nest] 1456  - [39m16/04/2026, 09:00:27 [32m    LOG[39m [38;5;3m[RouterExplorer] [39m[32mMapped {/api/users, POST} route[39m[38;5;3m +0ms[39m
[32m[Nest] 1456  - [39m16/04/2026, 09:00:27 [32m    LOG[39m [38;5;3m[RouterExplorer] [39m[32mMapped {/api/users, GET} route[39m[38;5;3m +1ms[39m
[32m[Nest] 1456  - [39m16/04/2026, 09:00:27 [32m    LOG[39m [38;5;3m[RoutesResolver] [39m[32mManagersController {/api/managers}:[39m[38;5;3m +0ms[39m
[32m[Nest] 1456  - [39m16/04/2026, 09:00:27 [32m    LOG[39m [38;5;3m[RouterExplorer] [39m[32mMapped {/api/managers, POST} route[39m[38;5;3m +0ms[39m
[32m[Nest] 1456  - [39m16/04/2026, 09:00:27 [32m    LOG[39m [38;5;3m[RouterExplorer] [39m[32mMapped {/api/managers, GET} route[39m[38;5;3m +0ms[39m
[32m[Nest] 1456  - [39m16/04/2026, 09:00:27 [32m    LOG[39m [38;5;3m[RouterExplorer] [39m[32mMapped {/api/managers/:id, GET} route[39m[38;5;3m +0ms[39m
[32m[Nest] 1456  - [39m16/04/2026, 09:00:27 [32m    LOG[39m [38;5;3m[RouterExplorer] [39m[32mMapped {/api/managers/:id, PATCH} route[39m[38;5;3m +1ms[39m
[32m[Nest] 1456  - [39m16/04/2026, 09:00:27 [32m    LOG[39m [38;5;3m[RouterExplorer] [39m[32mMapped {/api/managers/:id/toggle-active, PATCH} route[39m[38;5;3m +0ms[39m
[32m[Nest] 1456  - [39m16/04/2026, 09:00:27 [32m    LOG[39m [38;5;3m[RoutesResolver] [39m[32mStoresController {/api/stores}:[39m[38;5;3m +0ms[39m
[32m[Nest] 1456  - [39m16/04/2026, 09:00:27 [32m    LOG[39m [38;5;3m[RouterExplorer] [39m[32mMapped {/api/stores, POST} route[39m[38;5;3m +0ms[39m
[32m[Nest] 1456  - [39m16/04/2026, 09:00:27 [32m    LOG[39m [38;5;3m[RouterExplorer] [39m[32mMapped {/api/stores, GET} route[39m[38;5;3m +0ms[39m
[32m[Nest] 1456  - [39m16/04/2026, 09:00:27 [32m    LOG[39m [38;5;3m[RouterExplorer] [39m[32mMapped {/api/stores/accessible, GET} route[39m[38;5;3m +1ms[39m
[32m[Nest] 1456  - [39m16/04/2026, 09:00:27 [32m    LOG[39m [38;5;3m[RouterExplorer] [39m[32mMapped {/api/stores/:storeId/users, GET} route[39m[38;5;3m +0ms[39m
[32m[Nest] 1456  - [39m16/04/2026, 09:00:27 [32m    LOG[39m [38;5;3m[RouterExplorer] [39m[32mMapped {/api/stores/:storeId/users/:userId, POST} route[39m[38;5;3m +0ms[39m
[32m[Nest] 1456  - [39m16/04/2026, 09:00:27 [32m    LOG[39m [38;5;3m[RouterExplorer] [39m[32mMapped {/api/stores/:storeId/users/:userId, DELETE} route[39m[38;5;3m +0ms[39m
[32m[Nest] 1456  - [39m16/04/2026, 09:00:27 [32m    LOG[39m [38;5;3m[RouterExplorer] [39m[32mMapped {/api/stores/:id, GET} route[39m[38;5;3m +0ms[39m
[32m[Nest] 1456  - [39m16/04/2026, 09:00:27 [32m    LOG[39m [38;5;3m[RouterExplorer] [39m[32mMapped {/api/stores/:id, PATCH} route[39m[38;5;3m +1ms[39m
[32m[Nest] 1456  - [39m16/04/2026, 09:00:27 [32m    LOG[39m [38;5;3m[RouterExplorer] [39m[32mMapped {/api/stores/:id/toggle-active, PATCH} route[39m[38;5;3m +0ms[39m
[32m[Nest] 1456  - [39m16/04/2026, 09:00:27 [32m    LOG[39m [38;5;3m[RoutesResolver] [39m[32mAdAccountsController {/api/ad-accounts}:[39m[38;5;3m +0ms[39m
[32m[Nest] 1456  - [39m16/04/2026, 09:00:27 [32m    LOG[39m [38;5;3m[RouterExplorer] [39m[32mMapped {/api/ad-accounts, GET} route[39m[38;5;3m +0ms[39m
[32m[Nest] 1456  - [39m16/04/2026, 09:00:27 [32m    LOG[39m [38;5;3m[RouterExplorer] [39m[32mMapped {/api/ad-accounts/:id, GET} route[39m[38;5;3m +1ms[39m
[32m[Nest] 1456  - [39m16/04/2026, 09:00:27 [32m    LOG[39m [38;5;3m[RouterExplorer] [39m[32mMapped {/api/ad-accounts, POST} route[39m[38;5;3m +0ms[39m
[32m[Nest] 1456  - [39m16/04/2026, 09:00:27 [32m    LOG[39m [38;5;3m[RouterExplorer] [39m[32mMapped {/api/ad-accounts/:id, PATCH} route[39m[38;5;3m +0ms[39m
[32m[Nest] 1456  - [39m16/04/2026, 09:00:27 [32m    LOG[39m [38;5;3m[RouterExplorer] [39m[32mMapped {/api/ad-accounts/:id, DELETE} route[39m[38;5;3m +0ms[39m
[32m[Nest] 1456  - [39m16/04/2026, 09:00:27 [32m    LOG[39m [38;5;3m[RoutesResolver] [39m[32mCampaignsController {/api/campaigns}:[39m[38;5;3m +0ms[39m
[32m[Nest] 1456  - [39m16/04/2026, 09:00:27 [32m    LOG[39m [38;5;3m[RouterExplorer] [39m[32mMapped {/api/campaigns, GET} route[39m[38;5;3m +1ms[39m
[32m[Nest] 1456  - [39m16/04/2026, 09:00:27 [32m    LOG[39m [38;5;3m[RouterExplorer] [39m[32mMapped {/api/campaigns/:id, GET} route[39m[38;5;3m +0ms[39m
[32m[Nest] 1456  - [39m16/04/2026, 09:00:27 [32m    LOG[39m [38;5;3m[RouterExplorer] [39m[32mMapped {/api/campaigns, POST} route[39m[38;5;3m +0ms[39m
[32m[Nest] 1456  - [39m16/04/2026, 09:00:27 [32m    LOG[39m [38;5;3m[RouterExplorer] [39m[32mMapped {/api/campaigns/:id, PATCH} route[39m[38;5;3m +0ms[39m
[32m[Nest] 1456  - [39m16/04/2026, 09:00:27 [32m    LOG[39m [38;5;3m[RoutesResolver] [39m[32mMetricsController {/api/metrics}:[39m[38;5;3m +0ms[39m
[32m[Nest] 1456  - [39m16/04/2026, 09:00:27 [32m    LOG[39m [38;5;3m[RouterExplorer] [39m[32mMapped {/api/metrics, GET} route[39m[38;5;3m +0ms[39m
[32m[Nest] 1456  - [39m16/04/2026, 09:00:27 [32m    LOG[39m [38;5;3m[RouterExplorer] [39m[32mMapped {/api/metrics/summary, GET} route[39m[38;5;3m +1ms[39m
[32m[Nest] 1456  - [39m16/04/2026, 09:00:27 [32m    LOG[39m [38;5;3m[RouterExplorer] [39m[32mMapped {/api/metrics/campaigns/:campaignId, GET} route[39m[38;5;3m +0ms[39m
[32m[Nest] 1456  - [39m16/04/2026, 09:00:27 [32m    LOG[39m [38;5;3m[RouterExplorer] [39m[32mMapped {/api/metrics/campaigns/:campaignId/aggregate, GET} route[39m[38;5;3m +0ms[39m
[32m[Nest] 1456  - [39m16/04/2026, 09:00:27 [32m    LOG[39m [38;5;3m[RoutesResolver] [39m[32mInsightsController {/api/insights}:[39m[38;5;3m +0ms[39m
[32m[Nest] 1456  - [39m16/04/2026, 09:00:27 [32m    LOG[39m [38;5;3m[RouterExplorer] [39m[32mMapped {/api/insights, GET} route[39m[38;5;3m +0ms[39m
[32m[Nest] 1456  - [39m16/04/2026, 09:00:27 [32m    LOG[39m [38;5;3m[RouterExplorer] [39m[32mMapped {/api/insights/:id, GET} route[39m[38;5;3m +1ms[39m
[32m[Nest] 1456  - [39m16/04/2026, 09:00:27 [32m    LOG[39m [38;5;3m[RouterExplorer] [39m[32mMapped {/api/insights/:id/resolve, PATCH} route[39m[38;5;3m +0ms[39m
[32m[Nest] 1456  - [39m16/04/2026, 09:00:27 [32m    LOG[39m [38;5;3m[RoutesResolver] [39m[32mDashboardController {/api/dashboard}:[39m[38;5;3m +0ms[39m
[32m[Nest] 1456  - [39m16/04/2026, 09:00:27 [32m    LOG[39m [38;5;3m[RouterExplorer] [39m[32mMapped {/api/dashboard/summary, GET} route[39m[38;5;3m +0ms[39m
[32m[Nest] 1456  - [39m16/04/2026, 09:00:27 [32m    LOG[39m [38;5;3m[RoutesResolver] [39m[32mMetaIntegrationController {/api/integrations/meta/stores/:storeId}:[39m[38;5;3m +0ms[39m
[32m[Nest] 1456  - [39m16/04/2026, 09:00:27 [32m    LOG[39m [38;5;3m[RouterExplorer] [39m[32mMapped {/api/integrations/meta/stores/:storeId/status, GET} route[39m[38;5;3m +1ms[39m
[32m[Nest] 1456  - [39m16/04/2026, 09:00:27 [32m    LOG[39m [38;5;3m[RouterExplorer] [39m[32mMapped {/api/integrations/meta/stores/:storeId/oauth/start, GET} route[39m[38;5;3m +0ms[39m
[32m[Nest] 1456  - [39m16/04/2026, 09:00:27 [32m    LOG[39m [38;5;3m[RouterExplorer] [39m[32mMapped {/api/integrations/meta/stores/:storeId/sync-plan, GET} route[39m[38;5;3m +0ms[39m
[32m[Nest] 1456  - [39m16/04/2026, 09:00:27 [32m    LOG[39m [38;5;3m[RouterExplorer] [39m[32mMapped {/api/integrations/meta/stores/:storeId/connect, POST} route[39m[38;5;3m +0ms[39m
[32m[Nest] 1456  - [39m16/04/2026, 09:00:27 [32m    LOG[39m [38;5;3m[RouterExplorer] [39m[32mMapped {/api/integrations/meta/stores/:storeId/status, PATCH} route[39m[38;5;3m +0ms[39m
[32m[Nest] 1456  - [39m16/04/2026, 09:00:27 [32m    LOG[39m [38;5;3m[RouterExplorer] [39m[32mMapped {/api/integrations/meta/stores/:storeId, DELETE} route[39m[38;5;3m +1ms[39m
[32m[Nest] 1456  - [39m16/04/2026, 09:00:27 [32m    LOG[39m [38;5;3m[RoutesResolver] [39m[32mMetaOAuthCallbackController {/api/integrations/meta/oauth}:[39m[38;5;3m +0ms[39m
[32m[Nest] 1456  - [39m16/04/2026, 09:00:27 [32m    LOG[39m [38;5;3m[RouterExplorer] [39m[32mMapped {/api/integrations/meta/oauth/callback, GET} route[39m[38;5;3m +0ms[39m
[32m[Nest] 1456  - [39m16/04/2026, 09:00:28 [32m    LOG[39m [38;5;3m[NestApplication] [39m[32mNest application successfully started[39m[38;5;3m +13ms[39m

╔════════════════════════════════════════════╗
║      🚀 MetaIQ Backend Server             ║
╠════════════════════════════════════════════╣
║                                            ║
║  🌐 URL: http://localhost:3004           ║
║  📊 API: http://localhost:3004/api       ║
║  🏥 Health: http://localhost:3004/health ║
║                                            ║
╚════════════════════════════════════════════╝
  
query: SELECT "User"."id" AS "User_id", "User"."email" AS "User_email", "User"."name" AS "User_name", "User"."password" AS "User_password", "User"."role" AS "User_role", "User"."managerId" AS "User_managerId", "User"."refreshToken" AS "User_refreshToken", "User"."active" AS "User_active", "User"."createdAt" AS "User_createdAt", "User"."updatedAt" AS "User_updatedAt" FROM "users" "User" WHERE (("User"."email" = $1)) LIMIT 1 -- PARAMETERS: ["admin@metaiq.dev"]
query: UPDATE "users" SET "refreshToken" = $1, "updatedAt" = CURRENT_TIMESTAMP WHERE "id" IN ($2) -- PARAMETERS: ["a14e574fd00f2d4f7eb9a6f7510d1f81db29c8489e0cfd8dab6c7451be225df3","1bb96263-23ad-4413-bded-b36a62587465"]
query: SELECT "User"."id" AS "User_id", "User"."email" AS "User_email", "User"."name" AS "User_name", "User"."password" AS "User_password", "User"."role" AS "User_role", "User"."managerId" AS "User_managerId", "User"."refreshToken" AS "User_refreshToken", "User"."active" AS "User_active", "User"."createdAt" AS "User_createdAt", "User"."updatedAt" AS "User_updatedAt" FROM "users" "User" WHERE (("User"."id" = $1)) LIMIT 1 -- PARAMETERS: ["1bb96263-23ad-4413-bded-b36a62587465"]
query: SELECT "Store"."id" AS "Store_id", "Store"."name" AS "Store_name", "Store"."managerId" AS "Store_managerId", "Store"."active" AS "Store_active", "Store"."createdAt" AS "Store_createdAt", "Store"."updatedAt" AS "Store_updatedAt" FROM "stores" "Store" WHERE (("Store"."id" = $1)) LIMIT 1 -- PARAMETERS: ["5b4e4d30-dd38-45a0-9eb7-0e9767796e3a"]
